<?xml version="1.0" encoding="UTF-8" ?>
<testsuite tests="18" failures="0" name="LiquidContainersTest" time="0.07" errors="0" skipped="0">
  <properties>
    <property name="java.runtime.name" value="OpenJDK Runtime Environment"/>
    <property name="java.vm.version" value="11.0.12+7"/>
    <property name="sun.boot.library.path" value="C:\Program Files\Eclipse Foundation\jdk-11.0.12.7-hotspot\bin"/>
    <property name="maven.multiModuleProjectDirectory" value="C:\Users\Lenovo\Documents\NetBeansProjects\mooc-java-programming-i\part07-Part07_01.LiquidContainers"/>
    <property name="java.vm.vendor" value="Eclipse Foundation"/>
    <property name="java.vendor.url" value="https://adoptium.net/"/>
    <property name="guice.disable.misplaced.annotation.check" value="true"/>
    <property name="path.separator" value=";"/>
    <property name="java.vm.name" value="OpenJDK 64-Bit Server VM"/>
    <property name="sun.os.patch.level" value=""/>
    <property name="user.script" value=""/>
    <property name="user.country" value="PH"/>
    <property name="sun.java.launcher" value="SUN_STANDARD"/>
    <property name="java.vm.specification.name" value="Java Virtual Machine Specification"/>
    <property name="user.dir" value="C:\Users\Lenovo\Documents\NetBeansProjects\mooc-java-programming-i\part07-Part07_01.LiquidContainers"/>
    <property name="java.vm.compressedOopsMode" value="32-bit"/>
    <property name="java.runtime.version" value="11.0.12+7"/>
    <property name="java.awt.graphicsenv" value="sun.awt.Win32GraphicsEnvironment"/>
    <property name="os.arch" value="amd64"/>
    <property name="java.io.tmpdir" value="C:\Users\Lenovo\AppData\Local\Temp\"/>
    <property name="line.separator" value="
"/>
    <property name="java.vm.specification.vendor" value="Oracle Corporation"/>
    <property name="user.variant" value=""/>
    <property name="os.name" value="Windows 10"/>
    <property name="classworlds.conf" value="C:\Program Files\TMCBeans\java\maven\bin\..\bin\m2.conf"/>
    <property name="sun.jnu.encoding" value="Cp1252"/>
    <property name="java.library.path" value="C:\Program Files\Eclipse Foundation\jdk-11.0.12.7-hotspot\bin;C:\Windows\Sun\Java\bin;C:\Windows\system32;C:\Windows;C:\Program Files\Eclipse Foundation\jdk-11.0.12.7-hotspot\bin;C:\Program Files (x86)\Common Files\Intel\Shared Libraries\redist\intel64\compiler;C:\Windows\system32;C:\Windows;C:\Windows\System32\Wbem;C:\Windows\System32\WindowsPowerShell\v1.0\;C:\Windows\System32\OpenSSH\;C:\Program Files (x86)\NVIDIA Corporation\PhysX\Common;C:\Program Files\NVIDIA Corporation\NVIDIA NvDLISR;C:\Users\Lenovo\AppData\Local\Microsoft\WindowsApps;C:\Program Files\CodeBlocks\MinGW\bin;."/>
    <property name="maven.conf" value="C:\Program Files\TMCBeans\java\maven\bin\../conf"/>
    <property name="jdk.debug" value="release"/>
    <property name="java.class.version" value="55.0"/>
    <property name="java.specification.name" value="Java Platform API Specification"/>
    <property name="sun.management.compiler" value="HotSpot 64-Bit Tiered Compilers"/>
    <property name="os.version" value="10.0"/>
    <property name="library.jansi.path" value="C:\Program Files\TMCBeans\java\maven\bin\..\lib\jansi-native"/>
    <property name="user.home" value="C:\Users\Lenovo"/>
    <property name="user.timezone" value="Asia/Singapore"/>
    <property name="java.awt.printerjob" value="sun.awt.windows.WPrinterJob"/>
    <property name="file.encoding" value="UTF-8"/>
    <property name="java.specification.version" value="11"/>
    <property name="user.name" value="Lenovo"/>
    <property name="java.class.path" value="C:\Program Files\TMCBeans\java\maven\bin\..\boot\plexus-classworlds-2.6.0.jar"/>
    <property name="org.slf4j.simpleLogger.defaultLogLevel" value="error"/>
    <property name="java.vm.specification.version" value="11"/>
    <property name="sun.arch.data.model" value="64"/>
    <property name="sun.java.command" value="org.codehaus.plexus.classworlds.launcher.Launcher -Dfile.encoding=UTF-8 -T=1 -q install"/>
    <property name="java.home" value="C:\Program Files\Eclipse Foundation\jdk-11.0.12.7-hotspot"/>
    <property name="user.language" value="en"/>
    <property name="java.specification.vendor" value="Oracle Corporation"/>
    <property name="awt.toolkit" value="sun.awt.windows.WToolkit"/>
    <property name="java.vm.info" value="mixed mode"/>
    <property name="java.version" value="11.0.12"/>
    <property name="java.vendor" value="Eclipse Foundation"/>
    <property name="maven.home" value="C:\Program Files\TMCBeans\java\maven\bin\.."/>
    <property name="file.separator" value="\"/>
    <property name="java.version.date" value="2021-07-20"/>
    <property name="java.vendor.url.bug" value="https://github.com/adoptium/adoptium-support/issues"/>
    <property name="sun.io.unicode.encoding" value="UnicodeLittle"/>
    <property name="sun.cpu.endian" value="little"/>
    <property name="java.vendor.version" value="Temurin-11.0.12+7"/>
    <property name="sun.desktop" value="windows"/>
    <property name="sun.cpu.isalist" value="amd64"/>
  </properties>
  <testcase classname="LiquidContainersTest" name="onlyMainMethod" time="0"/>
  <testcase classname="LiquidContainersTest" name="empties" time="0.03"/>
  <testcase classname="LiquidContainersTest" name="noObjectOrClassVariables" time="0"/>
  <testcase classname="LiquidContainersTest" name="add1" time="0"/>
  <testcase classname="LiquidContainersTest" name="add2" time="0"/>
  <testcase classname="LiquidContainersTest" name="add3" time="0"/>
  <testcase classname="LiquidContainersTest" name="add4" time="0.01"/>
  <testcase classname="LiquidContainersTest" name="add5" time="0"/>
  <testcase classname="LiquidContainersTest" name="add6" time="0"/>
  <testcase classname="LiquidContainersTest" name="move1" time="0.01"/>
  <testcase classname="LiquidContainersTest" name="move2" time="0"/>
  <testcase classname="LiquidContainersTest" name="move3" time="0"/>
  <testcase classname="LiquidContainersTest" name="move4" time="0.01"/>
  <testcase classname="LiquidContainersTest" name="move5" time="0"/>
  <testcase classname="LiquidContainersTest" name="remove1" time="0"/>
  <testcase classname="LiquidContainersTest" name="remove2" time="0"/>
  <testcase classname="LiquidContainersTest" name="remove3" time="0"/>
  <testcase classname="LiquidContainersTest" name="remove4" time="0.01"/>
</testsuite>